<?xml version="1.0" encoding="UTF-8"?>
<!-- Generated by org.testng.reporters.JUnitReportReporter -->
<testsuite hostname="INLEN8520074163" failures="0" tests="1" name="Test1.Test1" time="11.167" errors="0" timestamp="2024-03-28T00:37:48 IST" skipped="0">
  <testcase classname="Test1.Test1" name="test" time="11.167"/>
  <system-out/>
</testsuite> <!-- Test1.Test1 -->
